<?xml version="1.0" encoding="UTF-8"?><testrun name="Case10JdbcConfigTest" project="SpringDIContainerLab" tests="2" started="2" failures="0" errors="2" ignored="0">
  <testsuite name="kr.or.ddit.case10.conf.Case10JdbcConfigTest" time="0.001" displayname="Case10JdbcConfigTest" uniqueid="[engine:junit-jupiter]/[class:kr.or.ddit.case10.conf.Case10JdbcConfigTest]">
    <testcase name="test" classname="kr.or.ddit.case10.conf.Case10JdbcConfigTest" time="0.001" displayname="test()" uniqueid="[engine:junit-jupiter]/[class:kr.or.ddit.case10.conf.Case10JdbcConfigTest]/[method:test()]">
      <error>java.lang.Error: Unresolved compilation problems: 
	log cannot be resolved to a type
	Syntax error on token(s), misplaced construct(s)
	Duplicate local variable r
	Syntax error on token ")", delete this token
&#13;
	at kr.or.ddit.case10.conf.Case10JdbcConfigTest.&lt;init&gt;(Case10JdbcConfigTest.java:32)&#13;
	at java.base/java.lang.reflect.Constructor.newInstanceWithCaller(Constructor.java:502)&#13;
	at java.base/java.lang.reflect.Constructor.newInstance(Constructor.java:486)&#13;
	at java.base/java.util.Optional.orElseGet(Optional.java:364)&#13;
	at java.base/java.util.ArrayList.forEach(ArrayList.java:1596)&#13;
	at java.base/java.util.ArrayList.forEach(ArrayList.java:1596)&#13;
&#13;
</error>
    </testcase>
    <testcase name="testJdbcTemplate" classname="kr.or.ddit.case10.conf.Case10JdbcConfigTest" time="0.0" displayname="testJdbcTemplate()" uniqueid="[engine:junit-jupiter]/[class:kr.or.ddit.case10.conf.Case10JdbcConfigTest]/[method:testJdbcTemplate()]">
      <error>java.lang.Error: Unresolved compilation problems: 
	log cannot be resolved to a type
	Syntax error on token(s), misplaced construct(s)
	Duplicate local variable r
	Syntax error on token ")", delete this token
&#13;
	at kr.or.ddit.case10.conf.Case10JdbcConfigTest.&lt;init&gt;(Case10JdbcConfigTest.java:32)&#13;
	at java.base/java.lang.reflect.Constructor.newInstanceWithCaller(Constructor.java:502)&#13;
	at java.base/java.lang.reflect.Constructor.newInstance(Constructor.java:486)&#13;
	at java.base/java.util.Optional.orElseGet(Optional.java:364)&#13;
	at java.base/java.util.ArrayList.forEach(ArrayList.java:1596)&#13;
	at java.base/java.util.ArrayList.forEach(ArrayList.java:1596)&#13;
&#13;
</error>
    </testcase>
  </testsuite>
</testrun>
